29-03-01:36:08
Agregar grupo reconocido.

29-03-01:36:08
Grupos.h: se ha creado un grupo nuevo usando agregarGrupo().
Nombre del grupo que agregado: clientes
Posicion en la tabla retornada por hash: 0

29-03-01:36:27
Agregar contactos reconocido.

29-03-01:36:27
Grupos.h: Grupo donde agregar: clientes
Instruccion por procesar: (Pedro, 12453225);

29-03-01:37:17
Generar grafo de grupo reconocido.

29-03-01:39:42
Generar grafo de grupo reconocido.

29-03-01:39:42
Grupos.h: generarGrafoGrupo. Hubo un error al generar el grafo del grupo: clientes
El grupo obtenido por la funcion hash (posicion 0 ) es nulo.

29-03-01:40:27
Agregar grupo reconocido.

29-03-01:40:27
Grupos.h: se ha creado un grupo nuevo usando agregarGrupo().
Nombre del grupo que agregado: clientes
Posicion en la tabla retornada por hash: 0

29-03-02:13:08
Grupos.h: se ha creado un grupo nuevo usando agregarGrupo().
Nombre del grupo que agregado: clientes
Posicion en la tabla retornada por hash: 0

29-03-02:13:18
Grupos.h: Grupo donde agregar: clientes
Instruccion por procesar: (Pedro, 12453225);

29-03-02:13:32
Grupos.h: Grupo donde agregar: clientes
Instruccion por procesar: (Juan, 45123568);

29-03-02:13:41
Grupos.h: Grupo donde agregar: clientes
Instruccion por procesar: (Bartolo, 001205);

29-03-02:13:47
Grupos.h: Grupo donde agregar: clientes
Instruccion por procesar: (Maria, 55845543);

29-03-02:15:22
Grupos.h: Grafo clientes generado correctamente!

